# JRE version: OpenJDK Runtime Environment Temurin-21.0.8+9 (21.0.8+9) (build 21.0.8+9-LTS)
# Java VM: OpenJDK 64-Bit Server VM Temurin-21.0.8+9 (21.0.8+9-LTS, mixed mode, sharing, tiered, compressed oops, compressed class ptrs, parallel gc, windows-amd64)
GC Precious Log:
 CardTable entry size: 512
 CPUs: 24 total, 24 available
 Memory: 32440M
 Large Page Support: Disabled
 NUMA Support: Disabled
 Compressed Oops: Enabled (32-bit)
 Alignments: Space 512K, Generation 512K, Heap 2M
 Heap Min Capacity: 100M
 Heap Initial Capacity: 100M
 Heap Max Capacity: 2G
 Pre-touch: Disabled
 Parallel Workers: 18
Heap:
 PSYoungGen      total 7680K, used 5289K [0x00000000d5580000, 0x00000000d5f00000, 0x0000000100000000)
  eden space 6656K, 64% used [0x00000000d5580000,0x00000000d59b4e88,0x00000000d5c00000)
  from space 1024K, 95% used [0x00000000d5e00000,0x00000000d5ef5808,0x00000000d5f00000)
  to   space 1536K, 0% used [0x00000000d5c00000,0x00000000d5c00000,0x00000000d5d80000)
 ParOldGen       total 1030656K, used 1030280K [0x0000000080000000, 0x00000000bee80000, 0x00000000d5580000)
  object space 1030656K, 99% used [0x0000000080000000,0x00000000bee22260,0x00000000bee80000)
 Metaspace       used 70334K, committed 71808K, reserved 1114112K
  class space    used 7213K, committed 7872K, reserved 1048576K
GC Heap History (20 events):
Event: 16.461 GC heap before
{Heap before GC invocations=1539 (full 3):
 PSYoungGen      total 8192K, used 7744K [0x00000000d5580000, 0x00000000d5f00000, 0x0000000100000000)
  eden space 6656K, 100% used [0x00000000d5580000,0x00000000d5c00000,0x00000000d5c00000)
  from space 1536K, 70% used [0x00000000d5c80000,0x00000000d5d90000,0x00000000d5e00000)
  to   space 1024K, 0% used [0x00000000d5e00000,0x00000000d5e00000,0x00000000d5f00000)
 ParOldGen       total 1019904K, used 1019836K [0x0000000080000000, 0x00000000be400000, 0x00000000d5580000)
  object space 1019904K, 99% used [0x0000000080000000,0x00000000be3ef0c0,0x00000000be400000)
 Metaspace       used 69966K, committed 71424K, reserved 1114112K
  class space    used 7205K, committed 7872K, reserved 1048576K
}
Event: 16.463 GC heap after
{Heap after GC invocations=1539 (full 3):
 PSYoungGen      total 7680K, used 704K [0x00000000d5580000, 0x00000000d5f00000, 0x0000000100000000)
  eden space 6656K, 0% used [0x00000000d5580000,0x00000000d5580000,0x00000000d5c00000)
  from space 1024K, 68% used [0x00000000d5e00000,0x00000000d5eb0000,0x00000000d5f00000)
  to   space 1024K, 0% used [0x00000000d5d00000,0x00000000d5d00000,0x00000000d5e00000)
 ParOldGen       total 1020928K, used 1020676K [0x0000000080000000, 0x00000000be500000, 0x00000000d5580000)
  object space 1020928K, 99% used [0x0000000080000000,0x00000000be4c10c0,0x00000000be500000)
 Metaspace       used 69966K, committed 71424K, reserved 1114112K
  class space    used 7205K, committed 7872K, reserved 1048576K
}
Event: 16.473 GC heap before
{Heap before GC invocations=1540 (full 3):
 PSYoungGen      total 7680K, used 7354K [0x00000000d5580000, 0x00000000d5f00000, 0x0000000100000000)
  eden space 6656K, 99% used [0x00000000d5580000,0x00000000d5bfeba8,0x00000000d5c00000)
  from space 1024K, 68% used [0x00000000d5e00000,0x00000000d5eb0000,0x00000000d5f00000)
  to   space 1024K, 0% used [0x00000000d5d00000,0x00000000d5d00000,0x00000000d5e00000)
 ParOldGen       total 1020928K, used 1020676K [0x0000000080000000, 0x00000000be500000, 0x00000000d5580000)
  object space 1020928K, 99% used [0x0000000080000000,0x00000000be4c10c0,0x00000000be500000)
 Metaspace       used 69990K, committed 71424K, reserved 1114112K
  class space    used 7205K, committed 7872K, reserved 1048576K
}
Event: 16.474 GC heap after
{Heap after GC invocations=1540 (full 3):
 PSYoungGen      total 7680K, used 640K [0x00000000d5580000, 0x00000000d5e80000, 0x0000000100000000)
  eden space 6656K, 0% used [0x00000000d5580000,0x00000000d5580000,0x00000000d5c00000)
  from space 1024K, 62% used [0x00000000d5d00000,0x00000000d5da0000,0x00000000d5e00000)
  to   space 512K, 0% used [0x00000000d5e00000,0x00000000d5e00000,0x00000000d5e80000)
 ParOldGen       total 1021440K, used 1021204K [0x0000000080000000, 0x00000000be580000, 0x00000000d5580000)
  object space 1021440K, 99% used [0x0000000080000000,0x00000000be5450c0,0x00000000be580000)
 Metaspace       used 69990K, committed 71424K, reserved 1114112K
  class space    used 7205K, committed 7872K, reserved 1048576K
}
Event: 16.501 GC heap before
{Heap before GC invocations=1541 (full 3):
 PSYoungGen      total 7680K, used 7296K [0x00000000d5580000, 0x00000000d5e80000, 0x0000000100000000)
  eden space 6656K, 100% used [0x00000000d5580000,0x00000000d5c00000,0x00000000d5c00000)
  from space 1024K, 62% used [0x00000000d5d00000,0x00000000d5da0000,0x00000000d5e00000)
  to   space 512K, 0% used [0x00000000d5e00000,0x00000000d5e00000,0x00000000d5e80000)
 ParOldGen       total 1021440K, used 1021204K [0x0000000080000000, 0x00000000be580000, 0x00000000d5580000)
  object space 1021440K, 99% used [0x0000000080000000,0x00000000be5450c0,0x00000000be580000)
 Metaspace       used 70002K, committed 71488K, reserved 1114112K
  class space    used 7205K, committed 7872K, reserved 1048576K
}
Event: 16.502 GC heap after
{Heap after GC invocations=1541 (full 3):
 PSYoungGen      total 7168K, used 512K [0x00000000d5580000, 0x00000000d5f00000, 0x0000000100000000)
  eden space 6656K, 0% used [0x00000000d5580000,0x00000000d5580000,0x00000000d5c00000)
  from space 512K, 100% used [0x00000000d5e00000,0x00000000d5e80000,0x00000000d5e80000)
  to   space 1536K, 0% used [0x00000000d5c00000,0x00000000d5c00000,0x00000000d5d80000)
 ParOldGen       total 1022464K, used 1021970K [0x0000000080000000, 0x00000000be680000, 0x00000000d5580000)
  object space 1022464K, 99% used [0x0000000080000000,0x00000000be604b80,0x00000000be680000)
 Metaspace       used 70002K, committed 71488K, reserved 1114112K
  class space    used 7205K, committed 7872K, reserved 1048576K
}
Event: 16.509 GC heap before
{Heap before GC invocations=1542 (full 3):
 PSYoungGen      total 7168K, used 7168K [0x00000000d5580000, 0x00000000d5f00000, 0x0000000100000000)
  eden space 6656K, 100% used [0x00000000d5580000,0x00000000d5c00000,0x00000000d5c00000)
  from space 512K, 100% used [0x00000000d5e00000,0x00000000d5e80000,0x00000000d5e80000)
  to   space 1536K, 0% used [0x00000000d5c00000,0x00000000d5c00000,0x00000000d5d80000)
 ParOldGen       total 1022464K, used 1021970K [0x0000000080000000, 0x00000000be680000, 0x00000000d5580000)
  object space 1022464K, 99% used [0x0000000080000000,0x00000000be604b80,0x00000000be680000)
 Metaspace       used 70005K, committed 71488K, reserved 1114112K
  class space    used 7205K, committed 7872K, reserved 1048576K
}
Event: 16.510 GC heap after
{Heap after GC invocations=1542 (full 3):
 PSYoungGen      total 8192K, used 1147K [0x00000000d5580000, 0x00000000d5f00000, 0x0000000100000000)
  eden space 6656K, 0% used [0x00000000d5580000,0x00000000d5580000,0x00000000d5c00000)
  from space 1536K, 74% used [0x00000000d5c00000,0x00000000d5d1ec08,0x00000000d5d80000)
  to   space 1536K, 0% used [0x00000000d5d80000,0x00000000d5d80000,0x00000000d5f00000)
 ParOldGen       total 1022976K, used 1022522K [0x0000000080000000, 0x00000000be700000, 0x00000000d5580000)
  object space 1022976K, 99% used [0x0000000080000000,0x00000000be68eb90,0x00000000be700000)
 Metaspace       used 70005K, committed 71488K, reserved 1114112K
  class space    used 7205K, committed 7872K, reserved 1048576K
}
Event: 16.517 GC heap before
{Heap before GC invocations=1543 (full 3):
 PSYoungGen      total 8192K, used 7799K [0x00000000d5580000, 0x00000000d5f00000, 0x0000000100000000)
  eden space 6656K, 99% used [0x00000000d5580000,0x00000000d5bff0f8,0x00000000d5c00000)
  from space 1536K, 74% used [0x00000000d5c00000,0x00000000d5d1ec08,0x00000000d5d80000)
  to   space 1536K, 0% used [0x00000000d5d80000,0x00000000d5d80000,0x00000000d5f00000)
 ParOldGen       total 1022976K, used 1022522K [0x0000000080000000, 0x00000000be700000, 0x00000000d5580000)
  object space 1022976K, 99% used [0x0000000080000000,0x00000000be68eb90,0x00000000be700000)
 Metaspace       used 70011K, committed 71488K, reserved 1114112K
  class space    used 7205K, committed 7872K, reserved 1048576K
}
Event: 16.519 GC heap after
{Heap after GC invocations=1543 (full 3):
 PSYoungGen      total 8192K, used 1161K [0x00000000d5580000, 0x00000000d5f00000, 0x0000000100000000)
  eden space 6656K, 0% used [0x00000000d5580000,0x00000000d5580000,0x00000000d5c00000)
  from space 1536K, 75% used [0x00000000d5d80000,0x00000000d5ea24e8,0x00000000d5f00000)
  to   space 1536K, 0% used [0x00000000d5c00000,0x00000000d5c00000,0x00000000d5d80000)
 ParOldGen       total 1023488K, used 1023410K [0x0000000080000000, 0x00000000be780000, 0x00000000d5580000)
  object space 1023488K, 99% used [0x0000000080000000,0x00000000be76cb90,0x00000000be780000)
 Metaspace       used 70011K, committed 71488K, reserved 1114112K
  class space    used 7205K, committed 7872K, reserved 1048576K
}
Event: 16.527 GC heap before
{Heap before GC invocations=1544 (full 3):
 PSYoungGen      total 8192K, used 7817K [0x00000000d5580000, 0x00000000d5f00000, 0x0000000100000000)
  eden space 6656K, 100% used [0x00000000d5580000,0x00000000d5c00000,0x00000000d5c00000)
  from space 1536K, 75% used [0x00000000d5d80000,0x00000000d5ea24e8,0x00000000d5f00000)
  to   space 1536K, 0% used [0x00000000d5c00000,0x00000000d5c00000,0x00000000d5d80000)
 ParOldGen       total 1023488K, used 1023410K [0x0000000080000000, 0x00000000be780000, 0x00000000d5580000)
  object space 1023488K, 99% used [0x0000000080000000,0x00000000be76cb90,0x00000000be780000)
 Metaspace       used 70099K, committed 71552K, reserved 1114112K
  class space    used 7205K, committed 7872K, reserved 1048576K
}
Event: 16.529 GC heap after
{Heap after GC invocations=1544 (full 3):
 PSYoungGen      total 8192K, used 1120K [0x00000000d5580000, 0x00000000d5f00000, 0x0000000100000000)
  eden space 6656K, 0% used [0x00000000d5580000,0x00000000d5580000,0x00000000d5c00000)
  from space 1536K, 72% used [0x00000000d5c00000,0x00000000d5d18000,0x00000000d5d80000)
  to   space 1536K, 0% used [0x00000000d5d80000,0x00000000d5d80000,0x00000000d5f00000)
 ParOldGen       total 1024512K, used 1024312K [0x0000000080000000, 0x00000000be880000, 0x00000000d5580000)
  object space 1024512K, 99% used [0x0000000080000000,0x00000000be84e398,0x00000000be880000)
 Metaspace       used 70099K, committed 71552K, reserved 1114112K
  class space    used 7205K, committed 7872K, reserved 1048576K
}
Event: 16.548 GC heap before
{Heap before GC invocations=1545 (full 3):
 PSYoungGen      total 8192K, used 7776K [0x00000000d5580000, 0x00000000d5f00000, 0x0000000100000000)
  eden space 6656K, 100% used [0x00000000d5580000,0x00000000d5c00000,0x00000000d5c00000)
  from space 1536K, 72% used [0x00000000d5c00000,0x00000000d5d18000,0x00000000d5d80000)
  to   space 1536K, 0% used [0x00000000d5d80000,0x00000000d5d80000,0x00000000d5f00000)
 ParOldGen       total 1024512K, used 1024312K [0x0000000080000000, 0x00000000be880000, 0x00000000d5580000)
  object space 1024512K, 99% used [0x0000000080000000,0x00000000be84e398,0x00000000be880000)
 Metaspace       used 70207K, committed 71680K, reserved 1114112K
  class space    used 7206K, committed 7872K, reserved 1048576K
}
Event: 16.549 GC heap after
{Heap after GC invocations=1545 (full 3):
 PSYoungGen      total 7680K, used 908K [0x00000000d5580000, 0x00000000d5e80000, 0x0000000100000000)
  eden space 6656K, 0% used [0x00000000d5580000,0x00000000d5580000,0x00000000d5c00000)
  from space 1024K, 88% used [0x00000000d5d80000,0x00000000d5e632f8,0x00000000d5e80000)
  to   space 1024K, 0% used [0x00000000d5c80000,0x00000000d5c80000,0x00000000d5d80000)
 ParOldGen       total 1025536K, used 1025200K [0x0000000080000000, 0x00000000be980000, 0x00000000d5580000)
  object space 1025536K, 99% used [0x0000000080000000,0x00000000be92c398,0x00000000be980000)
 Metaspace       used 70207K, committed 71680K, reserved 1114112K
  class space    used 7206K, committed 7872K, reserved 1048576K
}
Event: 16.556 GC heap before
{Heap before GC invocations=1546 (full 3):
 PSYoungGen      total 7680K, used 7564K [0x00000000d5580000, 0x00000000d5e80000, 0x0000000100000000)
  eden space 6656K, 100% used [0x00000000d5580000,0x00000000d5c00000,0x00000000d5c00000)
  from space 1024K, 88% used [0x00000000d5d80000,0x00000000d5e632f8,0x00000000d5e80000)
  to   space 1024K, 0% used [0x00000000d5c80000,0x00000000d5c80000,0x00000000d5d80000)
 ParOldGen       total 1025536K, used 1025200K [0x0000000080000000, 0x00000000be980000, 0x00000000d5580000)
  object space 1025536K, 99% used [0x0000000080000000,0x00000000be92c398,0x00000000be980000)
 Metaspace       used 70216K, committed 71680K, reserved 1114112K
  class space    used 7208K, committed 7872K, reserved 1048576K
}
Event: 16.557 GC heap after
{Heap after GC invocations=1546 (full 3):
 PSYoungGen      total 7680K, used 1019K [0x00000000d5580000, 0x00000000d6000000, 0x0000000100000000)
  eden space 6656K, 0% used [0x00000000d5580000,0x00000000d5580000,0x00000000d5c00000)
  from space 1024K, 99% used [0x00000000d5c80000,0x00000000d5d7ec08,0x00000000d5d80000)
  to   space 2048K, 0% used [0x00000000d5e00000,0x00000000d5e00000,0x00000000d6000000)
 ParOldGen       total 1026048K, used 1025925K [0x0000000080000000, 0x00000000bea00000, 0x00000000d5580000)
  object space 1026048K, 99% used [0x0000000080000000,0x00000000be9e1690,0x00000000bea00000)
 Metaspace       used 70216K, committed 71680K, reserved 1114112K
  class space    used 7208K, committed 7872K, reserved 1048576K
}
Event: 16.566 GC heap before
{Heap before GC invocations=1547 (full 3):
 PSYoungGen      total 7680K, used 7675K [0x00000000d5580000, 0x00000000d6000000, 0x0000000100000000)
  eden space 6656K, 100% used [0x00000000d5580000,0x00000000d5c00000,0x00000000d5c00000)
  from space 1024K, 99% used [0x00000000d5c80000,0x00000000d5d7ec08,0x00000000d5d80000)
  to   space 2048K, 0% used [0x00000000d5e00000,0x00000000d5e00000,0x00000000d6000000)
 ParOldGen       total 1026048K, used 1025925K [0x0000000080000000, 0x00000000bea00000, 0x00000000d5580000)
  object space 1026048K, 99% used [0x0000000080000000,0x00000000be9e1690,0x00000000bea00000)
 Metaspace       used 70217K, committed 71680K, reserved 1114112K
  class space    used 7208K, committed 7872K, reserved 1048576K
}
Event: 16.568 GC heap after
{Heap after GC invocations=1547 (full 3):
 PSYoungGen      total 8192K, used 1078K [0x00000000d5580000, 0x00000000d5f80000, 0x0000000100000000)
  eden space 6656K, 0% used [0x00000000d5580000,0x00000000d5580000,0x00000000d5c00000)
  from space 1536K, 70% used [0x00000000d5e00000,0x00000000d5f0d808,0x00000000d5f80000)
  to   space 1536K, 0% used [0x00000000d5c80000,0x00000000d5c80000,0x00000000d5e00000)
 ParOldGen       total 1027072K, used 1026881K [0x0000000080000000, 0x00000000beb00000, 0x00000000d5580000)
  object space 1027072K, 99% used [0x0000000080000000,0x00000000bead06a0,0x00000000beb00000)
 Metaspace       used 70217K, committed 71680K, reserved 1114112K
  class space    used 7208K, committed 7872K, reserved 1048576K
}
Event: 16.576 GC heap before
{Heap before GC invocations=1548 (full 3):
 PSYoungGen      total 8192K, used 7734K [0x00000000d5580000, 0x00000000d5f80000, 0x0000000100000000)
  eden space 6656K, 100% used [0x00000000d5580000,0x00000000d5c00000,0x00000000d5c00000)
  from space 1536K, 70% used [0x00000000d5e00000,0x00000000d5f0d808,0x00000000d5f80000)
  to   space 1536K, 0% used [0x00000000d5c80000,0x00000000d5c80000,0x00000000d5e00000)
 ParOldGen       total 1027072K, used 1026881K [0x0000000080000000, 0x00000000beb00000, 0x00000000d5580000)
  object space 1027072K, 99% used [0x0000000080000000,0x00000000bead06a0,0x00000000beb00000)
 Metaspace       used 70226K, committed 71680K, reserved 1114112K
  class space    used 7208K, committed 7872K, reserved 1048576K
}
Event: 16.577 GC heap after
{Heap after GC invocations=1548 (full 3):
 PSYoungGen      total 8192K, used 1056K [0x00000000d5580000, 0x00000000d5f00000, 0x0000000100000000)
  eden space 6656K, 0% used [0x00000000d5580000,0x00000000d5580000,0x00000000d5c00000)
  from space 1536K, 68% used [0x00000000d5c80000,0x00000000d5d88000,0x00000000d5e00000)
  to   space 1024K, 0% used [0x00000000d5e00000,0x00000000d5e00000,0x00000000d5f00000)
 ParOldGen       total 1028096K, used 1027735K [0x0000000080000000, 0x00000000bec00000, 0x00000000d5580000)
  object space 1028096K, 99% used [0x0000000080000000,0x00000000beba5ea8,0x00000000bec00000)
 Metaspace       used 70226K, committed 71680K, reserved 1114112K
  class space    used 7208K, committed 7872K, reserved 1048576K
}

